<?xml version="1.0" encoding="UTF-8"?>
<!-- Generated by org.testng.reporters.JUnitReportReporter -->
<testsuite hostname="Pranav-PC" failures="0" tests="1" name="com.tests.MembershipTest" time="0.432" errors="0" timestamp="2023-05-04T13:29:06 IST" skipped="0">
  <testcase classname="com.tests.MembershipTest" name="test01" time="0.432"/>
  <system-out/>
</testsuite> <!-- com.tests.MembershipTest -->
