<?xml version="1.0" encoding="UTF-8"?>
<!-- Generated by org.testng.reporters.JUnitReportReporter -->
<testsuite hostname="Pranav-PC" failures="0" tests="3" name="com.tests.LoginTest" time="3.143" errors="0" timestamp="2023-05-08T10:01:58 IST" skipped="0">
  <testcase classname="com.tests.LoginTest" name="test01" time="0.931"/>
  <system-out/>
  <testcase classname="com.tests.LoginTest" name="test02" time="0.275"/>
  <system-out/>
  <testcase classname="com.tests.LoginTest" name="test03" time="1.937"/>
  <system-out/>
</testsuite> <!-- com.tests.LoginTest -->
