<?xml version="1.0" encoding="UTF-8"?>
<!-- Generated by org.testng.reporters.JUnitReportReporter -->
<testsuite hostname="Pranav-PC" failures="0" tests="1" name="com.tests.DemoTest2" time="0.002" errors="0" timestamp="2023-05-03T14:35:55 IST" skipped="0">
  <testcase classname="com.tests.DemoTest2" name="test01" time="0.002"/>
  <system-out/>
</testsuite> <!-- com.tests.DemoTest2 -->
